
ROM used:   3249/8192 (40%)
            3277/8192 (40%) including unused fragments

            1.4 Average locations per line
            5.1 Average locations per statement

RAM used:   45/368 (12%) at main() level
            63/368 (17%) worst case

Stack used: 6 worst case (4 in main + 2 for interrupts)
Stack size: 8

Lines Stmts  %   Files
----- ----- ---  -----
  588   438  69  main.c
  102     0   0  main.h
  708     0   0  C:\Program Files (x86)\PICC\Devices\16f877a.h
  184     0   0  def_877a.h
  195     0   0  C:\Program Files (x86)\PICC\Drivers\stdint.h
  351    89  14  lcd2004.c
  178   106  17  ds1307.c
----- -----
 2306   633 Total

Page ROM  %  RAM    Vol Diff  Functions:
---- --- --- ---    --- ----  ----------
0     20   1    1             @delay_ms1
0     16   0    1             @I2C_WRITEU_129
0     16   0    1             @I2C_READU_129
0      8   0    0             @const916
 Inline         1    328  2.7  lcd_send_nibble
 Inline         1    389  2.3  lcd_read_nibble
 Inline         3    165  3.3  lcd_read_byte
0    226   7    3    319  4.1  lcd_send_byte
0    134   4    2    411  4.5  lcd_init
0     37   1    4    386  6.5  lcd_gotoxy
0     39   1    1    308  5.0  lcd_putc
0    179   6    8   1258  2.6  ds1307_init
0     45   1    4    270  2.5  ds1307_set_time
 Inline         7    315  3.0  ds1307_get_time
0     19   1    3    240  6.0  bin2bcd
0     19   1    3    155  4.7  bcd2bin
0    207   6    1   2149  6.4  timer1_isr
0     21   1    3             @DIV88
1    375  12    1   2267  8.9  MAIN
1      8   0    0             @goto37223
0     41   1    0    349  4.2  check_in_out
0     97   3    0    575  3.3  display_manual_mode
0      6   0    0             @const1036
0     86   3    4             @PSTRINGC7_938
0      5   0    0             @const1038
0      5   0    0             @const1039
0      5   0    0             @const1040
0      5   0    0             @const1041
0      5   0    0             @const1042
0     87   3    5             @PSTRINGCN7_938
0    100   3    6             @PRINTF_D_938
0    100   3    6             @PRINTF_D0_938
1    139   4    0    604  3.3  display_automatic_mode
0      8   0    0             @const1052
0      5   0    0             @const1053
0      5   0    0             @const1054
0      5   0    0             @const1055
0      5   0    0             @const1056
0      5   0    0             @const1057
1    127   4    0    575  3.3  display_night_mode
0      6   0    0             @const1059
0      5   0    0             @const1060
0      5   0    0             @const1061
0      5   0    0             @const1062
0      5   0    0             @const1063
0      5   0    0             @const1064
1    282   9    0    545  3.3  display_set_time_mode
0      7   0    0             @const1066
0      8   0    0             @const1067
0      7   0    0             @const1068
0      8   0    0             @const1069
0      7   0    0             @const1070
 Inline         0   1035  4.3  display_set_current_time
0      9   0    0             @const1071
0      3   0    0             @const1072
0      4   0    0             @const1073
0      4   0    0             @const1074
1    289   9    0   1474  5.3  display_set_night_mode_time
0     10   0    0             @const1081
0      3   0    0             @const1082
0      4   0    0             @const1086
0      4   0    0             @const1091
0      4   0    0             @const1092
1      9   0    0             @goto37556
0     82   3    1   1347  7.3  up_handler
0      9   0    0             @goto37614
0     68   2    1   1347  7.3  down_handler
0      9   0    0             @goto37678
 Inline         1    328  4.2  enter_handler
0     35   1    1    219  1.8  write_night_timer_data
0     62   2    1    362  2.8  read_night_timer_data
 Inline         0             @cinit1

Program metrics:
    Functions               26
    Statements              633
    Comments                413
    Volume (V)              30551
    Difficulty (D)          109.5
    Effort to implement (E) 3344538
    Time to implement (T)   51 hours, 37 minutes
    Est Delivered Bugs (B)  7
    Cyclomatic Complexity   115
    Maintainability (MI)    76

 Segment     Used  Free
-----------  ----  ----
00000-00003     4  0  
00004-00050    77  0  
00051-007FF  1939  28  
00800-00FFF  1229  819  
01000-017FF     0  2048  
01800-01FFF     0  2048  



